<?xml version="1.0" encoding="UTF-8"?>
<!-- Generated by org.testng.reporters.JUnitReportReporter -->
<testsuite hostname="Aiman" failures="0" tests="1" name="testCases.TC_002_LoginTest" time="1.953" errors="0" timestamp="2023-12-07T23:14:57 EST" skipped="0">
  <testcase classname="testCases.TC_002_LoginTest" name="verify_login" time="1.953"/>
</testsuite> <!-- testCases.TC_002_LoginTest -->
