<?xml version="1.0" encoding="UTF-8"?>
<!-- Generated by org.testng.reporters.JUnitReportReporter -->
<testsuite hostname="Aiman" failures="0" tests="1" name="testCases.TC_001_AccountRegistrationTest" time="2.797" errors="0" timestamp="2023-12-07T23:14:57 EST" skipped="0">
  <testcase classname="testCases.TC_001_AccountRegistrationTest" name="verify_account_registration" time="2.797"/>
</testsuite> <!-- testCases.TC_001_AccountRegistrationTest -->
